<?xml version="1.0" encoding="UTF-8"?>
<testng-results skipped="0" failed="0" ignored="0" total="1" passed="1">
  <reporter-output>
  </reporter-output>
  <suite name="Default suite" duration-ms="9492" started-at="2017-02-28T06:33:47Z" finished-at="2017-02-28T06:33:57Z">
    <groups>
    </groups>
    <test name="Default test" duration-ms="9492" started-at="2017-02-28T06:33:47Z" finished-at="2017-02-28T06:33:57Z">
      <class name="seleniumTests.ChromeDriverWindows">
        <test-method status="PASS" signature="setUp()[pri:0, instance:seleniumTests.ChromeDriverWindows@5b275dab]" name="setUp" is-config="true" duration-ms="3568" started-at="2017-02-27T22:33:47Z" finished-at="2017-02-27T22:33:51Z">
          <reporter-output>
          </reporter-output>
        </test-method> <!-- setUp -->
        <test-method status="PASS" signature="test()[pri:0, instance:seleniumTests.ChromeDriverWindows@5b275dab]" name="test" duration-ms="5908" started-at="2017-02-27T22:33:51Z" finished-at="2017-02-27T22:33:57Z">
          <reporter-output>
          </reporter-output>
        </test-method> <!-- test -->
        <test-method status="PASS" signature="tearDown()[pri:0, instance:seleniumTests.ChromeDriverWindows@5b275dab]" name="tearDown" is-config="true" duration-ms="0" started-at="2017-02-27T22:33:57Z" finished-at="2017-02-27T22:33:57Z">
          <reporter-output>
          </reporter-output>
        </test-method> <!-- tearDown -->
      </class> <!-- seleniumTests.ChromeDriverWindows -->
    </test> <!-- Default test -->
  </suite> <!-- Default suite -->
</testng-results>
